<?xml version="1.0" encoding="UTF-8"?>
<testsuite name="RecipesApplicationTest" tests="1" skipped="0" failures="0" errors="0" timestamp="2022-02-16T07:13:26" hostname="X-L" time="26.353">
  <properties/>
  <testcase name="start" classname="RecipesApplicationTest" time="26.353"/>
  <system-out><![CDATA[?[1;31m
Start test 1?[0m

  .   ____          _            __ _ _
 /\\ / ___'_ __ _ _(_)_ __  __ _ \ \ \ \
( ( )\___ | '_ | '_| | '_ \/ _` | \ \ \ \
 \\/  ___)| |_)| | | | | || (_| |  ) ) ) )
  '  |____| .__|_| |_|_| |_\__, | / / / /
 =========|_|==============|___/=/_/_/_/
 :: Spring Boot ::                (v2.5.6)

2022-02-16 15:13:27.996  INFO 1328 --- [    Test worker] recipes.RecipesApplication               : Starting RecipesApplication using Java 17.0.1 on X-L with PID 1328 (started by 1 in C:\Users\xue10\IdeaProjects\Recipes\Recipes\task)
2022-02-16 15:13:28.001  INFO 1328 --- [    Test worker] recipes.RecipesApplication               : No active profile set, falling back to default profiles: default
2022-02-16 15:13:30.189  INFO 1328 --- [    Test worker] .s.d.r.c.RepositoryConfigurationDelegate : Bootstrapping Spring Data JPA repositories in DEFAULT mode.
2022-02-16 15:13:30.305  INFO 1328 --- [    Test worker] .s.d.r.c.RepositoryConfigurationDelegate : Finished Spring Data repository scanning in 97 ms. Found 2 JPA repository interfaces.
2022-02-16 15:13:31.386  INFO 1328 --- [    Test worker] o.s.b.w.embedded.tomcat.TomcatWebServer  : Tomcat initialized with port(s): 8881 (http)
2022-02-16 15:13:31.405  INFO 1328 --- [    Test worker] o.apache.catalina.core.StandardService   : Starting service [Tomcat]
2022-02-16 15:13:31.406  INFO 1328 --- [    Test worker] org.apache.catalina.core.StandardEngine  : Starting Servlet engine: [Apache Tomcat/9.0.54]
2022-02-16 15:13:31.617  INFO 1328 --- [    Test worker] o.a.c.c.C.[Tomcat].[localhost].[/]       : Initializing Spring embedded WebApplicationContext
2022-02-16 15:13:31.617  INFO 1328 --- [    Test worker] w.s.c.ServletWebServerApplicationContext : Root WebApplicationContext: initialization completed in 3515 ms
2022-02-16 15:13:32.270  INFO 1328 --- [    Test worker] o.hibernate.jpa.internal.util.LogHelper  : HHH000204: Processing PersistenceUnitInfo [name: default]
2022-02-16 15:13:32.459  INFO 1328 --- [    Test worker] org.hibernate.Version                    : HHH000412: Hibernate ORM core version 5.4.32.Final
2022-02-16 15:13:32.971  INFO 1328 --- [    Test worker] o.hibernate.annotations.common.Version   : HCANN000001: Hibernate Commons Annotations {5.1.2.Final}
2022-02-16 15:13:33.257  INFO 1328 --- [    Test worker] com.zaxxer.hikari.HikariDataSource       : HikariPool-1 - Starting...
2022-02-16 15:13:33.720  INFO 1328 --- [    Test worker] com.zaxxer.hikari.HikariDataSource       : HikariPool-1 - Start completed.
2022-02-16 15:13:33.806  INFO 1328 --- [    Test worker] org.hibernate.dialect.Dialect            : HHH000400: Using dialect: org.hibernate.dialect.H2Dialect
2022-02-16 15:13:35.763  INFO 1328 --- [    Test worker] o.h.e.t.j.p.i.JtaPlatformInitiator       : HHH000490: Using JtaPlatform implementation: [org.hibernate.engine.transaction.jta.platform.internal.NoJtaPlatform]
2022-02-16 15:13:35.778  INFO 1328 --- [    Test worker] j.LocalContainerEntityManagerFactoryBean : Initialized JPA EntityManagerFactory for persistence unit 'default'
2022-02-16 15:13:36.333  WARN 1328 --- [    Test worker] JpaBaseConfiguration$JpaWebConfiguration : spring.jpa.open-in-view is enabled by default. Therefore, database queries may be performed during view rendering. Explicitly configure spring.jpa.open-in-view to disable this warning
2022-02-16 15:13:37.163  INFO 1328 --- [    Test worker] o.s.b.a.e.web.EndpointLinksResolver      : Exposing 14 endpoint(s) beneath base path '/actuator'
2022-02-16 15:13:37.272  INFO 1328 --- [    Test worker] o.s.s.web.DefaultSecurityFilterChain     : Will secure any request with [org.springframework.security.web.context.request.async.WebAsyncManagerIntegrationFilter@36ae17ef, org.springframework.security.web.context.SecurityContextPersistenceFilter@5b6ec94a, org.springframework.security.web.header.HeaderWriterFilter@7f9b851c, org.springframework.security.web.authentication.logout.LogoutFilter@20ad64c, org.springframework.security.web.authentication.www.BasicAuthenticationFilter@5b3c2a9f, org.springframework.security.web.savedrequest.RequestCacheAwareFilter@596d17f4, org.springframework.security.web.servletapi.SecurityContextHolderAwareRequestFilter@2566247d, org.springframework.security.web.authentication.AnonymousAuthenticationFilter@3f919230, org.springframework.security.web.session.SessionManagementFilter@630bd5e7, org.springframework.security.web.access.ExceptionTranslationFilter@4afdb05e, org.springframework.security.web.access.intercept.FilterSecurityInterceptor@6bfc5296]
2022-02-16 15:13:37.738  INFO 1328 --- [    Test worker] o.s.b.w.embedded.tomcat.TomcatWebServer  : Tomcat started on port(s): 8881 (http) with context path ''
2022-02-16 15:13:37.763  INFO 1328 --- [    Test worker] recipes.RecipesApplication               : Started RecipesApplication in 10.431 seconds (JVM running for 11.913)
2022-02-16 15:13:38.355  INFO 1328 --- [nio-8881-exec-1] o.a.c.c.C.[Tomcat].[localhost].[/]       : Initializing Spring DispatcherServlet 'dispatcherServlet'
2022-02-16 15:13:38.357  INFO 1328 --- [nio-8881-exec-1] o.s.web.servlet.DispatcherServlet        : Initializing Servlet 'dispatcherServlet'
2022-02-16 15:13:38.361  INFO 1328 --- [nio-8881-exec-1] o.s.web.servlet.DispatcherServlet        : Completed initialization in 3 ms
?[1;31m
Start test 2?[0m
?[1;31m
Start test 3?[0m
?[1;31m
Start test 4?[0m
?[1;31m
Start test 5?[0m
?[1;31m
Start test 6?[0m
?[1;31m
Start test 7?[0m
2022-02-16 15:13:39.355  WARN 1328 --- [nio-8881-exec-7] .w.s.m.s.DefaultHandlerExceptionResolver : Resolved [org.springframework.web.bind.MethodArgumentNotValidException: Validation failed for argument [0] in public void recipes.Controller.register(recipes.User): [Field error in object 'user' on field 'password': rejected value [Test555]; codes [Size.user.password,Size.password,Size.java.lang.String,Size]; arguments [org.springframework.context.support.DefaultMessageSourceResolvable: codes [user.password,password]; arguments []; default message [password],2147483647,8]; default message [size must be between 8 and 2147483647]] ]
?[1;31m
Start test 8?[0m
2022-02-16 15:13:39.376  WARN 1328 --- [nio-8881-exec-8] .w.s.m.s.DefaultHandlerExceptionResolver : Resolved [org.springframework.web.bind.MethodArgumentNotValidException: Validation failed for argument [0] in public void recipes.Controller.register(recipes.User): [Field error in object 'user' on field 'password': rejected value [        ]; codes [NotBlank.user.password,NotBlank.password,NotBlank.java.lang.String,NotBlank]; arguments [org.springframework.context.support.DefaultMessageSourceResolvable: codes [user.password,password]; arguments []; default message [password]]; default message [must not be blank]] ]
?[1;31m
Start test 9?[0m
?[1;31m
Start test 10?[0m
?[1;31m
Start test 11?[0m
?[1;31m
Start test 12?[0m
?[1;31m
Start test 13?[0m
2022-02-16 15:13:40.649  INFO 1328 --- [       Thread-5] j.LocalContainerEntityManagerFactoryBean : Closing JPA EntityManagerFactory for persistence unit 'default'
2022-02-16 15:13:40.652  INFO 1328 --- [       Thread-5] com.zaxxer.hikari.HikariDataSource       : HikariPool-1 - Shutdown initiated...
2022-02-16 15:13:40.695  INFO 1328 --- [       Thread-5] com.zaxxer.hikari.HikariDataSource       : HikariPool-1 - Shutdown completed.

  .   ____          _            __ _ _
 /\\ / ___'_ __ _ _(_)_ __  __ _ \ \ \ \
( ( )\___ | '_ | '_| | '_ \/ _` | \ \ \ \
 \\/  ___)| |_)| | | | | || (_| |  ) ) ) )
  '  |____| .__|_| |_|_| |_\__, | / / / /
 =========|_|==============|___/=/_/_/_/
 :: Spring Boot ::                (v2.5.6)

2022-02-16 15:13:40.809  INFO 1328 --- [    Test worker] recipes.RecipesApplication               : Starting RecipesApplication using Java 17.0.1 on X-L with PID 1328 (started by 1 in C:\Users\xue10\IdeaProjects\Recipes\Recipes\task)
2022-02-16 15:13:40.810  INFO 1328 --- [    Test worker] recipes.RecipesApplication               : No active profile set, falling back to default profiles: default
2022-02-16 15:13:41.385  INFO 1328 --- [    Test worker] .s.d.r.c.RepositoryConfigurationDelegate : Bootstrapping Spring Data JPA repositories in DEFAULT mode.
2022-02-16 15:13:41.418  INFO 1328 --- [    Test worker] .s.d.r.c.RepositoryConfigurationDelegate : Finished Spring Data repository scanning in 25 ms. Found 2 JPA repository interfaces.
2022-02-16 15:13:41.665  INFO 1328 --- [    Test worker] o.s.b.w.embedded.tomcat.TomcatWebServer  : Tomcat initialized with port(s): 8881 (http)
2022-02-16 15:13:41.667  INFO 1328 --- [    Test worker] o.apache.catalina.core.StandardService   : Starting service [Tomcat]
2022-02-16 15:13:41.668  INFO 1328 --- [    Test worker] org.apache.catalina.core.StandardEngine  : Starting Servlet engine: [Apache Tomcat/9.0.54]
2022-02-16 15:13:41.712  INFO 1328 --- [    Test worker] o.a.c.c.C.[Tomcat].[localhost].[/]       : Initializing Spring embedded WebApplicationContext
2022-02-16 15:13:41.712  INFO 1328 --- [    Test worker] w.s.c.ServletWebServerApplicationContext : Root WebApplicationContext: initialization completed in 898 ms
2022-02-16 15:13:41.854  INFO 1328 --- [    Test worker] o.hibernate.jpa.internal.util.LogHelper  : HHH000204: Processing PersistenceUnitInfo [name: default]
2022-02-16 15:13:41.877  INFO 1328 --- [    Test worker] com.zaxxer.hikari.HikariDataSource       : HikariPool-2 - Starting...
2022-02-16 15:13:41.923  INFO 1328 --- [    Test worker] com.zaxxer.hikari.HikariDataSource       : HikariPool-2 - Start completed.
2022-02-16 15:13:41.923  INFO 1328 --- [    Test worker] org.hibernate.dialect.Dialect            : HHH000400: Using dialect: org.hibernate.dialect.H2Dialect
2022-02-16 15:13:42.193  INFO 1328 --- [    Test worker] o.h.e.t.j.p.i.JtaPlatformInitiator       : HHH000490: Using JtaPlatform implementation: [org.hibernate.engine.transaction.jta.platform.internal.NoJtaPlatform]
2022-02-16 15:13:42.194  INFO 1328 --- [    Test worker] j.LocalContainerEntityManagerFactoryBean : Initialized JPA EntityManagerFactory for persistence unit 'default'
2022-02-16 15:13:42.399  WARN 1328 --- [    Test worker] JpaBaseConfiguration$JpaWebConfiguration : spring.jpa.open-in-view is enabled by default. Therefore, database queries may be performed during view rendering. Explicitly configure spring.jpa.open-in-view to disable this warning
2022-02-16 15:13:42.828  INFO 1328 --- [    Test worker] o.s.b.a.e.web.EndpointLinksResolver      : Exposing 14 endpoint(s) beneath base path '/actuator'
2022-02-16 15:13:42.865  INFO 1328 --- [    Test worker] o.s.s.web.DefaultSecurityFilterChain     : Will secure any request with [org.springframework.security.web.context.request.async.WebAsyncManagerIntegrationFilter@138a51d5, org.springframework.security.web.context.SecurityContextPersistenceFilter@5687e92d, org.springframework.security.web.header.HeaderWriterFilter@6a2d0a19, org.springframework.security.web.authentication.logout.LogoutFilter@5c2f5dc, org.springframework.security.web.authentication.www.BasicAuthenticationFilter@4f5d587c, org.springframework.security.web.savedrequest.RequestCacheAwareFilter@2eef43f5, org.springframework.security.web.servletapi.SecurityContextHolderAwareRequestFilter@2c10f9f3, org.springframework.security.web.authentication.AnonymousAuthenticationFilter@413a2520, org.springframework.security.web.session.SessionManagementFilter@5702e6f3, org.springframework.security.web.access.ExceptionTranslationFilter@539570b8, org.springframework.security.web.access.intercept.FilterSecurityInterceptor@2d6abfc7]
2022-02-16 15:13:43.124  INFO 1328 --- [    Test worker] o.s.b.w.embedded.tomcat.TomcatWebServer  : Tomcat started on port(s): 8881 (http) with context path ''
2022-02-16 15:13:43.142  INFO 1328 --- [    Test worker] recipes.RecipesApplication               : Started RecipesApplication in 2.38 seconds (JVM running for 17.292)
?[1;31m
Start test 14?[0m
2022-02-16 15:13:43.165  INFO 1328 --- [nio-8881-exec-1] o.a.c.c.C.[Tomcat].[localhost].[/]       : Initializing Spring DispatcherServlet 'dispatcherServlet'
2022-02-16 15:13:43.165  INFO 1328 --- [nio-8881-exec-1] o.s.web.servlet.DispatcherServlet        : Initializing Servlet 'dispatcherServlet'
2022-02-16 15:13:43.175  INFO 1328 --- [nio-8881-exec-1] o.s.web.servlet.DispatcherServlet        : Completed initialization in 3 ms
?[1;31m
Start test 15?[0m
?[1;31m
Start test 16?[0m
?[1;31m
Start test 17?[0m
?[1;31m
Start test 18?[0m
?[1;31m
Start test 19?[0m
?[1;31m
Start test 20?[0m
?[1;31m
Start test 21?[0m
?[1;31m
Start test 22?[0m
?[1;31m
Start test 23?[0m
?[1;31m
Start test 24?[0m
?[1;31m
Start test 25?[0m
?[1;31m
Start test 26?[0m
?[1;31m
Start test 27?[0m
?[1;31m
Start test 28?[0m
?[1;31m
Start test 29?[0m
?[1;31m
Start test 30?[0m
?[1;31m
Start test 31?[0m
?[1;31m
Start test 32?[0m
?[1;31m
Start test 33?[0m
?[1;31m
Start test 34?[0m
?[1;31m
Start test 35?[0m
?[1;31m
Start test 36?[0m
?[1;31m
Start test 37?[0m
?[1;31m
Start test 38?[0m
?[1;31m
Start test 39?[0m
?[1;31m
Start test 40?[0m
?[1;31m
Start test 41?[0m
?[1;31m
Start test 42?[0m
?[1;31m
Start test 43?[0m
2022-02-16 15:13:47.952  WARN 1328 --- [io-8881-exec-10] .w.s.m.s.DefaultHandlerExceptionResolver : Resolved [org.springframework.web.bind.MethodArgumentNotValidException: Validation failed for argument [0] in public java.util.Map<java.lang.String, java.lang.Long> recipes.Controller.post(recipes.Recipe,org.springframework.security.core.userdetails.UserDetails): [Field error in object 'recipe' on field 'name': rejected value [null]; codes [NotBlank.recipe.name,NotBlank.name,NotBlank.java.lang.String,NotBlank]; arguments [org.springframework.context.support.DefaultMessageSourceResolvable: codes [recipe.name,name]; arguments []; default message [name]]; default message [must not be blank]] ]
?[1;31m
Start test 44?[0m
2022-02-16 15:13:48.047  WARN 1328 --- [nio-8881-exec-1] .w.s.m.s.DefaultHandlerExceptionResolver : Resolved [org.springframework.web.bind.MethodArgumentNotValidException: Validation failed for argument [0] in public java.util.Map<java.lang.String, java.lang.Long> recipes.Controller.post(recipes.Recipe,org.springframework.security.core.userdetails.UserDetails): [Field error in object 'recipe' on field 'category': rejected value [null]; codes [NotBlank.recipe.category,NotBlank.category,NotBlank.java.lang.String,NotBlank]; arguments [org.springframework.context.support.DefaultMessageSourceResolvable: codes [recipe.category,category]; arguments []; default message [category]]; default message [must not be blank]] ]
?[1;31m
Start test 45?[0m
2022-02-16 15:13:48.163  WARN 1328 --- [nio-8881-exec-2] .w.s.m.s.DefaultHandlerExceptionResolver : Resolved [org.springframework.web.bind.MethodArgumentNotValidException: Validation failed for argument [0] in public java.util.Map<java.lang.String, java.lang.Long> recipes.Controller.post(recipes.Recipe,org.springframework.security.core.userdetails.UserDetails): [Field error in object 'recipe' on field 'description': rejected value [null]; codes [NotBlank.recipe.description,NotBlank.description,NotBlank.java.lang.String,NotBlank]; arguments [org.springframework.context.support.DefaultMessageSourceResolvable: codes [recipe.description,description]; arguments []; default message [description]]; default message [must not be blank]] ]
?[1;31m
Start test 46?[0m
2022-02-16 15:13:48.260  WARN 1328 --- [nio-8881-exec-3] .w.s.m.s.DefaultHandlerExceptionResolver : Resolved [org.springframework.web.bind.MethodArgumentNotValidException: Validation failed for argument [0] in public java.util.Map<java.lang.String, java.lang.Long> recipes.Controller.post(recipes.Recipe,org.springframework.security.core.userdetails.UserDetails): [Field error in object 'recipe' on field 'ingredients': rejected value [null]; codes [NotNull.recipe.ingredients,NotNull.ingredients,NotNull.[Ljava.lang.String;,NotNull]; arguments [org.springframework.context.support.DefaultMessageSourceResolvable: codes [recipe.ingredients,ingredients]; arguments []; default message [ingredients]]; default message [must not be null]] ]
?[1;31m
Start test 47?[0m
2022-02-16 15:13:48.356  WARN 1328 --- [nio-8881-exec-4] .w.s.m.s.DefaultHandlerExceptionResolver : Resolved [org.springframework.web.bind.MethodArgumentNotValidException: Validation failed for argument [0] in public java.util.Map<java.lang.String, java.lang.Long> recipes.Controller.post(recipes.Recipe,org.springframework.security.core.userdetails.UserDetails): [Field error in object 'recipe' on field 'directions': rejected value [null]; codes [NotNull.recipe.directions,NotNull.directions,NotNull.[Ljava.lang.String;,NotNull]; arguments [org.springframework.context.support.DefaultMessageSourceResolvable: codes [recipe.directions,directions]; arguments []; default message [directions]]; default message [must not be null]] ]
?[1;31m
Start test 48?[0m
2022-02-16 15:13:48.465  WARN 1328 --- [nio-8881-exec-5] .w.s.m.s.DefaultHandlerExceptionResolver : Resolved [org.springframework.web.bind.MethodArgumentNotValidException: Validation failed for argument [0] in public java.util.Map<java.lang.String, java.lang.Long> recipes.Controller.post(recipes.Recipe,org.springframework.security.core.userdetails.UserDetails): [Field error in object 'recipe' on field 'name': rejected value [  ]; codes [NotBlank.recipe.name,NotBlank.name,NotBlank.java.lang.String,NotBlank]; arguments [org.springframework.context.support.DefaultMessageSourceResolvable: codes [recipe.name,name]; arguments []; default message [name]]; default message [must not be blank]] ]
?[1;31m
Start test 49?[0m
2022-02-16 15:13:48.569  WARN 1328 --- [nio-8881-exec-6] .w.s.m.s.DefaultHandlerExceptionResolver : Resolved [org.springframework.web.bind.MethodArgumentNotValidException: Validation failed for argument [0] in public java.util.Map<java.lang.String, java.lang.Long> recipes.Controller.post(recipes.Recipe,org.springframework.security.core.userdetails.UserDetails): [Field error in object 'recipe' on field 'category': rejected value [  ]; codes [NotBlank.recipe.category,NotBlank.category,NotBlank.java.lang.String,NotBlank]; arguments [org.springframework.context.support.DefaultMessageSourceResolvable: codes [recipe.category,category]; arguments []; default message [category]]; default message [must not be blank]] ]
?[1;31m
Start test 50?[0m
2022-02-16 15:13:48.657  WARN 1328 --- [nio-8881-exec-7] .w.s.m.s.DefaultHandlerExceptionResolver : Resolved [org.springframework.web.bind.MethodArgumentNotValidException: Validation failed for argument [0] in public java.util.Map<java.lang.String, java.lang.Long> recipes.Controller.post(recipes.Recipe,org.springframework.security.core.userdetails.UserDetails): [Field error in object 'recipe' on field 'description': rejected value [  ]; codes [NotBlank.recipe.description,NotBlank.description,NotBlank.java.lang.String,NotBlank]; arguments [org.springframework.context.support.DefaultMessageSourceResolvable: codes [recipe.description,description]; arguments []; default message [description]]; default message [must not be blank]] ]
?[1;31m
Start test 51?[0m
2022-02-16 15:13:48.752  WARN 1328 --- [nio-8881-exec-8] .w.s.m.s.DefaultHandlerExceptionResolver : Resolved [org.springframework.web.bind.MethodArgumentNotValidException: Validation failed for argument [0] in public java.util.Map<java.lang.String, java.lang.Long> recipes.Controller.post(recipes.Recipe,org.springframework.security.core.userdetails.UserDetails): [Field error in object 'recipe' on field 'ingredients': rejected value [{}]; codes [Size.recipe.ingredients,Size.ingredients,Size.[Ljava.lang.String;,Size]; arguments [org.springframework.context.support.DefaultMessageSourceResolvable: codes [recipe.ingredients,ingredients]; arguments []; default message [ingredients],2147483647,1]; default message [size must be between 1 and 2147483647]] ]
?[1;31m
Start test 52?[0m
2022-02-16 15:13:48.851  WARN 1328 --- [nio-8881-exec-9] .w.s.m.s.DefaultHandlerExceptionResolver : Resolved [org.springframework.web.bind.MethodArgumentNotValidException: Validation failed for argument [0] in public java.util.Map<java.lang.String, java.lang.Long> recipes.Controller.post(recipes.Recipe,org.springframework.security.core.userdetails.UserDetails): [Field error in object 'recipe' on field 'directions': rejected value [{}]; codes [Size.recipe.directions,Size.directions,Size.[Ljava.lang.String;,Size]; arguments [org.springframework.context.support.DefaultMessageSourceResolvable: codes [recipe.directions,directions]; arguments []; default message [directions],2147483647,1]; default message [size must be between 1 and 2147483647]] ]
?[1;31m
Start test 53?[0m
2022-02-16 15:13:48.941  WARN 1328 --- [io-8881-exec-10] .w.s.m.s.DefaultHandlerExceptionResolver : Resolved [org.springframework.web.bind.MethodArgumentNotValidException: Validation failed for argument [1] in public org.springframework.http.ResponseEntity<java.lang.String> recipes.Controller.update(long,recipes.Recipe,org.springframework.security.core.userdetails.UserDetails): [Field error in object 'recipe' on field 'name': rejected value [null]; codes [NotBlank.recipe.name,NotBlank.name,NotBlank.java.lang.String,NotBlank]; arguments [org.springframework.context.support.DefaultMessageSourceResolvable: codes [recipe.name,name]; arguments []; default message [name]]; default message [must not be blank]] ]
?[1;31m
Start test 54?[0m
2022-02-16 15:13:49.033  WARN 1328 --- [io-8881-exec-12] .w.s.m.s.DefaultHandlerExceptionResolver : Resolved [org.springframework.web.bind.MethodArgumentNotValidException: Validation failed for argument [1] in public org.springframework.http.ResponseEntity<java.lang.String> recipes.Controller.update(long,recipes.Recipe,org.springframework.security.core.userdetails.UserDetails): [Field error in object 'recipe' on field 'category': rejected value [null]; codes [NotBlank.recipe.category,NotBlank.category,NotBlank.java.lang.String,NotBlank]; arguments [org.springframework.context.support.DefaultMessageSourceResolvable: codes [recipe.category,category]; arguments []; default message [category]]; default message [must not be blank]] ]
?[1;31m
Start test 55?[0m
2022-02-16 15:13:49.128  WARN 1328 --- [io-8881-exec-11] .w.s.m.s.DefaultHandlerExceptionResolver : Resolved [org.springframework.web.bind.MethodArgumentNotValidException: Validation failed for argument [1] in public org.springframework.http.ResponseEntity<java.lang.String> recipes.Controller.update(long,recipes.Recipe,org.springframework.security.core.userdetails.UserDetails): [Field error in object 'recipe' on field 'description': rejected value [null]; codes [NotBlank.recipe.description,NotBlank.description,NotBlank.java.lang.String,NotBlank]; arguments [org.springframework.context.support.DefaultMessageSourceResolvable: codes [recipe.description,description]; arguments []; default message [description]]; default message [must not be blank]] ]
?[1;31m
Start test 56?[0m
2022-02-16 15:13:49.220  WARN 1328 --- [io-8881-exec-13] .w.s.m.s.DefaultHandlerExceptionResolver : Resolved [org.springframework.web.bind.MethodArgumentNotValidException: Validation failed for argument [1] in public org.springframework.http.ResponseEntity<java.lang.String> recipes.Controller.update(long,recipes.Recipe,org.springframework.security.core.userdetails.UserDetails): [Field error in object 'recipe' on field 'ingredients': rejected value [null]; codes [NotNull.recipe.ingredients,NotNull.ingredients,NotNull.[Ljava.lang.String;,NotNull]; arguments [org.springframework.context.support.DefaultMessageSourceResolvable: codes [recipe.ingredients,ingredients]; arguments []; default message [ingredients]]; default message [must not be null]] ]
?[1;31m
Start test 57?[0m
2022-02-16 15:13:49.313  WARN 1328 --- [io-8881-exec-14] .w.s.m.s.DefaultHandlerExceptionResolver : Resolved [org.springframework.web.bind.MethodArgumentNotValidException: Validation failed for argument [1] in public org.springframework.http.ResponseEntity<java.lang.String> recipes.Controller.update(long,recipes.Recipe,org.springframework.security.core.userdetails.UserDetails): [Field error in object 'recipe' on field 'directions': rejected value [null]; codes [NotNull.recipe.directions,NotNull.directions,NotNull.[Ljava.lang.String;,NotNull]; arguments [org.springframework.context.support.DefaultMessageSourceResolvable: codes [recipe.directions,directions]; arguments []; default message [directions]]; default message [must not be null]] ]
?[1;31m
Start test 58?[0m
2022-02-16 15:13:49.407  WARN 1328 --- [io-8881-exec-16] .w.s.m.s.DefaultHandlerExceptionResolver : Resolved [org.springframework.web.bind.MethodArgumentNotValidException: Validation failed for argument [1] in public org.springframework.http.ResponseEntity<java.lang.String> recipes.Controller.update(long,recipes.Recipe,org.springframework.security.core.userdetails.UserDetails): [Field error in object 'recipe' on field 'name': rejected value [  ]; codes [NotBlank.recipe.name,NotBlank.name,NotBlank.java.lang.String,NotBlank]; arguments [org.springframework.context.support.DefaultMessageSourceResolvable: codes [recipe.name,name]; arguments []; default message [name]]; default message [must not be blank]] ]
?[1;31m
Start test 59?[0m
2022-02-16 15:13:49.499  WARN 1328 --- [io-8881-exec-15] .w.s.m.s.DefaultHandlerExceptionResolver : Resolved [org.springframework.web.bind.MethodArgumentNotValidException: Validation failed for argument [1] in public org.springframework.http.ResponseEntity<java.lang.String> recipes.Controller.update(long,recipes.Recipe,org.springframework.security.core.userdetails.UserDetails): [Field error in object 'recipe' on field 'category': rejected value [  ]; codes [NotBlank.recipe.category,NotBlank.category,NotBlank.java.lang.String,NotBlank]; arguments [org.springframework.context.support.DefaultMessageSourceResolvable: codes [recipe.category,category]; arguments []; default message [category]]; default message [must not be blank]] ]
?[1;31m
Start test 60?[0m
2022-02-16 15:13:49.591  WARN 1328 --- [io-8881-exec-17] .w.s.m.s.DefaultHandlerExceptionResolver : Resolved [org.springframework.web.bind.MethodArgumentNotValidException: Validation failed for argument [1] in public org.springframework.http.ResponseEntity<java.lang.String> recipes.Controller.update(long,recipes.Recipe,org.springframework.security.core.userdetails.UserDetails): [Field error in object 'recipe' on field 'description': rejected value [  ]; codes [NotBlank.recipe.description,NotBlank.description,NotBlank.java.lang.String,NotBlank]; arguments [org.springframework.context.support.DefaultMessageSourceResolvable: codes [recipe.description,description]; arguments []; default message [description]]; default message [must not be blank]] ]
?[1;31m
Start test 61?[0m
2022-02-16 15:13:49.684  WARN 1328 --- [io-8881-exec-18] .w.s.m.s.DefaultHandlerExceptionResolver : Resolved [org.springframework.web.bind.MethodArgumentNotValidException: Validation failed for argument [1] in public org.springframework.http.ResponseEntity<java.lang.String> recipes.Controller.update(long,recipes.Recipe,org.springframework.security.core.userdetails.UserDetails): [Field error in object 'recipe' on field 'ingredients': rejected value [{}]; codes [Size.recipe.ingredients,Size.ingredients,Size.[Ljava.lang.String;,Size]; arguments [org.springframework.context.support.DefaultMessageSourceResolvable: codes [recipe.ingredients,ingredients]; arguments []; default message [ingredients],2147483647,1]; default message [size must be between 1 and 2147483647]] ]
?[1;31m
Start test 62?[0m
2022-02-16 15:13:49.786  WARN 1328 --- [io-8881-exec-19] .w.s.m.s.DefaultHandlerExceptionResolver : Resolved [org.springframework.web.bind.MethodArgumentNotValidException: Validation failed for argument [1] in public org.springframework.http.ResponseEntity<java.lang.String> recipes.Controller.update(long,recipes.Recipe,org.springframework.security.core.userdetails.UserDetails): [Field error in object 'recipe' on field 'directions': rejected value [{}]; codes [Size.recipe.directions,Size.directions,Size.[Ljava.lang.String;,Size]; arguments [org.springframework.context.support.DefaultMessageSourceResolvable: codes [recipe.directions,directions]; arguments []; default message [directions],2147483647,1]; default message [size must be between 1 and 2147483647]] ]
?[1;31m
Start test 63?[0m
2022-02-16 15:13:50.327  INFO 1328 --- [       Thread-7] j.LocalContainerEntityManagerFactoryBean : Closing JPA EntityManagerFactory for persistence unit 'default'
2022-02-16 15:13:50.327  INFO 1328 --- [       Thread-7] com.zaxxer.hikari.HikariDataSource       : HikariPool-2 - Shutdown initiated...
2022-02-16 15:13:50.389  INFO 1328 --- [       Thread-7] com.zaxxer.hikari.HikariDataSource       : HikariPool-2 - Shutdown completed.

  .   ____          _            __ _ _
 /\\ / ___'_ __ _ _(_)_ __  __ _ \ \ \ \
( ( )\___ | '_ | '_| | '_ \/ _` | \ \ \ \
 \\/  ___)| |_)| | | | | || (_| |  ) ) ) )
  '  |____| .__|_| |_|_| |_\__, | / / / /
 =========|_|==============|___/=/_/_/_/
 :: Spring Boot ::                (v2.5.6)

2022-02-16 15:13:50.389  INFO 1328 --- [    Test worker] recipes.RecipesApplication               : Starting RecipesApplication using Java 17.0.1 on X-L with PID 1328 (started by 1 in C:\Users\xue10\IdeaProjects\Recipes\Recipes\task)
2022-02-16 15:13:50.389  INFO 1328 --- [    Test worker] recipes.RecipesApplication               : No active profile set, falling back to default profiles: default
2022-02-16 15:13:50.870  INFO 1328 --- [    Test worker] .s.d.r.c.RepositoryConfigurationDelegate : Bootstrapping Spring Data JPA repositories in DEFAULT mode.
2022-02-16 15:13:50.870  INFO 1328 --- [    Test worker] .s.d.r.c.RepositoryConfigurationDelegate : Finished Spring Data repository scanning in 9 ms. Found 2 JPA repository interfaces.
2022-02-16 15:13:50.999  INFO 1328 --- [    Test worker] o.s.b.w.embedded.tomcat.TomcatWebServer  : Tomcat initialized with port(s): 8881 (http)
2022-02-16 15:13:50.999  INFO 1328 --- [    Test worker] o.apache.catalina.core.StandardService   : Starting service [Tomcat]
2022-02-16 15:13:50.999  INFO 1328 --- [    Test worker] org.apache.catalina.core.StandardEngine  : Starting Servlet engine: [Apache Tomcat/9.0.54]
2022-02-16 15:13:51.046  INFO 1328 --- [    Test worker] o.a.c.c.C.[Tomcat].[localhost].[/]       : Initializing Spring embedded WebApplicationContext
2022-02-16 15:13:51.046  INFO 1328 --- [    Test worker] w.s.c.ServletWebServerApplicationContext : Root WebApplicationContext: initialization completed in 641 ms
2022-02-16 15:13:51.140  INFO 1328 --- [    Test worker] o.hibernate.jpa.internal.util.LogHelper  : HHH000204: Processing PersistenceUnitInfo [name: default]
2022-02-16 15:13:51.155  INFO 1328 --- [    Test worker] com.zaxxer.hikari.HikariDataSource       : HikariPool-3 - Starting...
2022-02-16 15:13:51.171  INFO 1328 --- [    Test worker] com.zaxxer.hikari.HikariDataSource       : HikariPool-3 - Start completed.
2022-02-16 15:13:51.171  INFO 1328 --- [    Test worker] org.hibernate.dialect.Dialect            : HHH000400: Using dialect: org.hibernate.dialect.H2Dialect
2022-02-16 15:13:51.265  INFO 1328 --- [    Test worker] o.h.e.t.j.p.i.JtaPlatformInitiator       : HHH000490: Using JtaPlatform implementation: [org.hibernate.engine.transaction.jta.platform.internal.NoJtaPlatform]
2022-02-16 15:13:51.265  INFO 1328 --- [    Test worker] j.LocalContainerEntityManagerFactoryBean : Initialized JPA EntityManagerFactory for persistence unit 'default'
2022-02-16 15:13:51.374  WARN 1328 --- [    Test worker] JpaBaseConfiguration$JpaWebConfiguration : spring.jpa.open-in-view is enabled by default. Therefore, database queries may be performed during view rendering. Explicitly configure spring.jpa.open-in-view to disable this warning
2022-02-16 15:13:51.567  INFO 1328 --- [    Test worker] o.s.b.a.e.web.EndpointLinksResolver      : Exposing 14 endpoint(s) beneath base path '/actuator'
2022-02-16 15:13:51.571  INFO 1328 --- [    Test worker] o.s.s.web.DefaultSecurityFilterChain     : Will secure any request with [org.springframework.security.web.context.request.async.WebAsyncManagerIntegrationFilter@1bce19db, org.springframework.security.web.context.SecurityContextPersistenceFilter@41ff98dc, org.springframework.security.web.header.HeaderWriterFilter@2787abe4, org.springframework.security.web.authentication.logout.LogoutFilter@280d20fb, org.springframework.security.web.authentication.www.BasicAuthenticationFilter@2080ee70, org.springframework.security.web.savedrequest.RequestCacheAwareFilter@14738629, org.springframework.security.web.servletapi.SecurityContextHolderAwareRequestFilter@eb1d7c8, org.springframework.security.web.authentication.AnonymousAuthenticationFilter@4c1f4817, org.springframework.security.web.session.SessionManagementFilter@3e94a6f6, org.springframework.security.web.access.ExceptionTranslationFilter@7ae5f795, org.springframework.security.web.access.intercept.FilterSecurityInterceptor@33544cc5]
2022-02-16 15:13:51.693  INFO 1328 --- [    Test worker] o.s.b.w.embedded.tomcat.TomcatWebServer  : Tomcat started on port(s): 8881 (http) with context path ''
2022-02-16 15:13:51.709  INFO 1328 --- [    Test worker] recipes.RecipesApplication               : Started RecipesApplication in 1.359 seconds (JVM running for 25.869)
?[1;31m
Start test 64?[0m
2022-02-16 15:13:51.737  INFO 1328 --- [nio-8881-exec-1] o.a.c.c.C.[Tomcat].[localhost].[/]       : Initializing Spring DispatcherServlet 'dispatcherServlet'
2022-02-16 15:13:51.737  INFO 1328 --- [nio-8881-exec-1] o.s.web.servlet.DispatcherServlet        : Initializing Servlet 'dispatcherServlet'
2022-02-16 15:13:51.737  INFO 1328 --- [nio-8881-exec-1] o.s.web.servlet.DispatcherServlet        : Completed initialization in 0 ms
?[1;31m
Start test 65?[0m
?[1;31m
Start test 66?[0m
?[1;31m
Start test 67?[0m
?[1;31m
Start test 68?[0m
?[1;31m
Start test 69?[0m
?[1;31m
Start test 70?[0m
?[1;31m
Start test 71?[0m
?[1;31m
Start test 72?[0m
?[1;31m
Start test 73?[0m
?[1;31m
Start test 74?[0m
?[1;31m
Start test 75?[0m
?[1;31m
Start test 76?[0m
?[1;31m
Start test 77?[0m
?[1;31m
Start test 78?[0m
?[1;31m
Start test 79?[0m
?[1;31m
Start test 80?[0m
?[1;31m
Start test 81?[0m
]]></system-out>
  <system-err><![CDATA[]]></system-err>
</testsuite>
